<?xml version="1.0" encoding="UTF-8"?>
<!-- Generated by org.testng.reporters.JUnitReportReporter -->
<testsuite skipped="4" hostname="sys" name="testCases.FormTest" tests="4" failures="0" timestamp="14 Jul 2019 08:54:38 GMT" time="0.004" errors="0">
  <testcase name="formSingleEntry" time="0.004" classname="testCases.FormTest">
    <skipped/>
  </testcase> <!-- formSingleEntry -->
  <testcase name="formSingleEntry" time="0.000" classname="testCases.FormTest">
    <skipped/>
  </testcase> <!-- formSingleEntry -->
  <testcase name="formSingleEntry" time="0.000" classname="testCases.FormTest">
    <skipped/>
  </testcase> <!-- formSingleEntry -->
  <testcase name="formSingleEntry" time="0.000" classname="testCases.FormTest">
    <skipped/>
  </testcase> <!-- formSingleEntry -->
</testsuite> <!-- testCases.FormTest -->
