<?xml version="1.0" encoding="UTF-8"?>
<!-- Generated by org.testng.reporters.JUnitReportReporter -->
<testsuite skipped="5" hostname="sys" name="testCases.FormTest2" tests="6" failures="0" timestamp="14 Jul 2019 08:54:38 GMT" time="0.000" errors="1">
  <testcase name="formMultipleEntry" time="0.000" classname="testCases.FormTest2">
    <skipped/>
  </testcase> <!-- formMultipleEntry -->
  <testcase name="formMultipleEntry" time="0.000" classname="testCases.FormTest2">
    <skipped/>
  </testcase> <!-- formMultipleEntry -->
  <testcase name="startMEClass" time="0.000" classname="testCases.FormTest2">
    <error type="java.lang.NullPointerException">
      <![CDATA[java.lang.NullPointerException
at testCases.FormTest2.startMEClass(FormTest2.java:25)
at sun.reflect.NativeMethodAccessorImpl.invoke0(Native Method)
at sun.reflect.NativeMethodAccessorImpl.invoke(Unknown Source)
at sun.reflect.DelegatingMethodAccessorImpl.invoke(Unknown Source)
at java.lang.reflect.Method.invoke(Unknown Source)
at org.testng.internal.MethodInvocationHelper.invokeMethod(MethodInvocationHelper.java:124)
at org.testng.internal.MethodInvocationHelper.invokeMethodConsideringTimeout(MethodInvocationHelper.java:59)
at org.testng.internal.Invoker.invokeConfigurationMethod(Invoker.java:455)
at org.testng.internal.Invoker.invokeConfigurations(Invoker.java:222)
at org.testng.internal.Invoker.invokeConfigurations(Invoker.java:142)
at org.testng.internal.TestMethodWorker.invokeBeforeClassMethods(TestMethodWorker.java:168)
at org.testng.internal.TestMethodWorker.run(TestMethodWorker.java:105)
at java.util.concurrent.ThreadPoolExecutor.runWorker(Unknown Source)
at java.util.concurrent.ThreadPoolExecutor$Worker.run(Unknown Source)
at java.lang.Thread.run(Unknown Source)
]]>
    </error>
  </testcase> <!-- startMEClass -->
  <testcase name="formMultipleEntry" time="0.000" classname="testCases.FormTest2">
    <skipped/>
  </testcase> <!-- formMultipleEntry -->
  <testcase name="formMultipleEntry" time="0.000" classname="testCases.FormTest2">
    <skipped/>
  </testcase> <!-- formMultipleEntry -->
  <testcase name="formMultipleEntry" time="0.000" classname="testCases.FormTest2">
    <skipped/>
  </testcase> <!-- formMultipleEntry -->
</testsuite> <!-- testCases.FormTest2 -->
